C:\USERS\Александр\DESKTOP\Программ\AVL\SLN\SAMPLE_BINTREE\DEBUG\SAMPLE_BINTREE.OBJ
C:\USERS\АЛЕКСАНДР\DESKTOP\ПРОГРАММ\AVL\SLN\SAMPLE_BINTREE\DEBUG\VC110.PDB
C:\USERS\Александр\DESKTOP\Программ\AVL\SLN\DEBUG\SAMPLE_BINTREE.ILK
C:\USERS\Александр\DESKTOP\Программ\AVL\SLN\DEBUG\SAMPLE_BINTREE.EXE
C:\USERS\АЛЕКСАНДР\DESKTOP\ПРОГРАММ\AVL\SLN\DEBUG\SAMPLE_BINTREE.PDB
C:\Users\Александр\Desktop\Программ\AVL\sln\sample_bintree\Debug\sample_bintree.obj
C:\Users\Александр\Desktop\Программ\AVL\sln\sample_bintree\Debug\cl.command.1.tlog
C:\Users\Александр\Desktop\Программ\AVL\sln\sample_bintree\Debug\CL.read.1.tlog
C:\Users\Александр\Desktop\Программ\AVL\sln\sample_bintree\Debug\CL.write.1.tlog
C:\Users\Александр\Desktop\Программ\AVL\sln\sample_bintree\Debug\link-cvtres.read.1.tlog
C:\Users\Александр\Desktop\Программ\AVL\sln\sample_bintree\Debug\link-cvtres.write.1.tlog
C:\Users\Александр\Desktop\Программ\AVL\sln\sample_bintree\Debug\link-rc.read.1.tlog
C:\Users\Александр\Desktop\Программ\AVL\sln\sample_bintree\Debug\link-rc.write.1.tlog
C:\Users\Александр\Desktop\Программ\AVL\sln\sample_bintree\Debug\link.command.1.tlog
C:\Users\Александр\Desktop\Программ\AVL\sln\sample_bintree\Debug\link.read.1.tlog
C:\Users\Александр\Desktop\Программ\AVL\sln\sample_bintree\Debug\link.write.1.tlog
C:\Users\Александр\Desktop\Программ\AVL\sln\sample_bintree\Debug\vc110.idb
C:\Users\Александр\Desktop\Программ\AVL\sln\sample_bintree\Debug\vc110.pdb
C:\Users\Александр\Desktop\Программ\AVL\sln\Debug\sample_bintree.pdb
C:\Users\Александр\Desktop\Программ\AVL\sln\Debug\sample_bintree.exe
C:\Users\Александр\Desktop\Программ\AVL\sln\Debug\sample_bintree.ilk
